C:\USERS\BEYONDVINCENT\DESKTOP\OPENVC\CODE\OPENCVDEMO\HELLOOPENCV\X64\DEBUG\HELLOOPENCV.PCH
C:\USERS\BEYONDVINCENT\DESKTOP\OPENVC\CODE\OPENCVDEMO\HELLOOPENCV\X64\DEBUG\STDAFX.OBJ
C:\USERS\BEYONDVINCENT\DESKTOP\OPENVC\CODE\OPENCVDEMO\HELLOOPENCV\X64\DEBUG\VC110.PDB
C:\USERS\BEYONDVINCENT\DESKTOP\OPENVC\CODE\OPENCVDEMO\HELLOOPENCV\X64\DEBUG\HELLOOPENCV.OBJ
C:\USERS\BEYONDVINCENT\DESKTOP\OPENVC\CODE\OPENCVDEMO\X64\DEBUG\HELLOOPENCV.ILK
C:\USERS\BEYONDVINCENT\DESKTOP\OPENVC\CODE\OPENCVDEMO\X64\DEBUG\HELLOOPENCV.EXE
C:\USERS\BEYONDVINCENT\DESKTOP\OPENVC\CODE\OPENCVDEMO\X64\DEBUG\HELLOOPENCV.PDB
C:\Users\BeyondVincent\Desktop\OpenVC\code\OpenCVDemo\HelloOpenCV\x64\Debug\HelloOpenCV.obj
C:\Users\BeyondVincent\Desktop\OpenVC\code\OpenCVDemo\HelloOpenCV\x64\Debug\stdafx.obj
C:\Users\BeyondVincent\Desktop\OpenVC\code\OpenCVDemo\HelloOpenCV\x64\Debug\cl.command.1.tlog
C:\Users\BeyondVincent\Desktop\OpenVC\code\OpenCVDemo\HelloOpenCV\x64\Debug\CL.read.1.tlog
C:\Users\BeyondVincent\Desktop\OpenVC\code\OpenCVDemo\HelloOpenCV\x64\Debug\CL.write.1.tlog
C:\Users\BeyondVincent\Desktop\OpenVC\code\OpenCVDemo\HelloOpenCV\x64\Debug\link-cvtres.read.1.tlog
C:\Users\BeyondVincent\Desktop\OpenVC\code\OpenCVDemo\HelloOpenCV\x64\Debug\link-cvtres.write.1.tlog
C:\Users\BeyondVincent\Desktop\OpenVC\code\OpenCVDemo\HelloOpenCV\x64\Debug\link-rc.read.1.tlog
C:\Users\BeyondVincent\Desktop\OpenVC\code\OpenCVDemo\HelloOpenCV\x64\Debug\link-rc.write.1.tlog
C:\Users\BeyondVincent\Desktop\OpenVC\code\OpenCVDemo\HelloOpenCV\x64\Debug\link.1080-cvtres.read.1.tlog
C:\Users\BeyondVincent\Desktop\OpenVC\code\OpenCVDemo\HelloOpenCV\x64\Debug\link.1080-cvtres.write.1.tlog
C:\Users\BeyondVincent\Desktop\OpenVC\code\OpenCVDemo\HelloOpenCV\x64\Debug\link.1080-rc.read.1.tlog
C:\Users\BeyondVincent\Desktop\OpenVC\code\OpenCVDemo\HelloOpenCV\x64\Debug\link.1080-rc.write.1.tlog
C:\Users\BeyondVincent\Desktop\OpenVC\code\OpenCVDemo\HelloOpenCV\x64\Debug\link.1080.read.1.tlog
C:\Users\BeyondVincent\Desktop\OpenVC\code\OpenCVDemo\HelloOpenCV\x64\Debug\link.1080.write.1.tlog
C:\Users\BeyondVincent\Desktop\OpenVC\code\OpenCVDemo\HelloOpenCV\x64\Debug\link.2312-cvtres.read.1.tlog
C:\Users\BeyondVincent\Desktop\OpenVC\code\OpenCVDemo\HelloOpenCV\x64\Debug\link.2312-cvtres.write.1.tlog
C:\Users\BeyondVincent\Desktop\OpenVC\code\OpenCVDemo\HelloOpenCV\x64\Debug\link.2312-rc.read.1.tlog
C:\Users\BeyondVincent\Desktop\OpenVC\code\OpenCVDemo\HelloOpenCV\x64\Debug\link.2312-rc.write.1.tlog
C:\Users\BeyondVincent\Desktop\OpenVC\code\OpenCVDemo\HelloOpenCV\x64\Debug\link.2312.read.1.tlog
C:\Users\BeyondVincent\Desktop\OpenVC\code\OpenCVDemo\HelloOpenCV\x64\Debug\link.2312.write.1.tlog
C:\Users\BeyondVincent\Desktop\OpenVC\code\OpenCVDemo\HelloOpenCV\x64\Debug\link.4432-cvtres.read.1.tlog
C:\Users\BeyondVincent\Desktop\OpenVC\code\OpenCVDemo\HelloOpenCV\x64\Debug\link.4432-cvtres.write.1.tlog
C:\Users\BeyondVincent\Desktop\OpenVC\code\OpenCVDemo\HelloOpenCV\x64\Debug\link.4432-rc.read.1.tlog
C:\Users\BeyondVincent\Desktop\OpenVC\code\OpenCVDemo\HelloOpenCV\x64\Debug\link.4432-rc.write.1.tlog
C:\Users\BeyondVincent\Desktop\OpenVC\code\OpenCVDemo\HelloOpenCV\x64\Debug\link.4432.read.1.tlog
C:\Users\BeyondVincent\Desktop\OpenVC\code\OpenCVDemo\HelloOpenCV\x64\Debug\link.4432.write.1.tlog
C:\Users\BeyondVincent\Desktop\OpenVC\code\OpenCVDemo\HelloOpenCV\x64\Debug\link.command.1.tlog
C:\Users\BeyondVincent\Desktop\OpenVC\code\OpenCVDemo\HelloOpenCV\x64\Debug\link.read.1.tlog
C:\Users\BeyondVincent\Desktop\OpenVC\code\OpenCVDemo\HelloOpenCV\x64\Debug\link.write.1.tlog
C:\Users\BeyondVincent\Desktop\OpenVC\code\OpenCVDemo\HelloOpenCV\x64\Debug\HelloOpenCV.pch
C:\Users\BeyondVincent\Desktop\OpenVC\code\OpenCVDemo\HelloOpenCV\x64\Debug\vc110.idb
C:\Users\BeyondVincent\Desktop\OpenVC\code\OpenCVDemo\HelloOpenCV\x64\Debug\vc110.pdb
C:\Users\BeyondVincent\Desktop\OpenVC\code\OpenCVDemo\x64\Debug\HelloOpenCV.pdb
C:\Users\BeyondVincent\Desktop\OpenVC\code\OpenCVDemo\x64\Debug\HelloOpenCV.exe
C:\Users\BeyondVincent\Desktop\OpenVC\code\OpenCVDemo\x64\Debug\HelloOpenCV.ilk
